#####################################################################
2023-06-15 19:32:05.213674+09:00
카테고리는 spring 로 하겠습니다.
주제는 Should Java JDBC Select statements always be in a Try-Catch block? 로 하겠습니다.
Traceback (most recent call last):
  File "/home/yoon/ChatGPT/ChatGPT-blog/main.py", line 120, in <module>
    title_response = generate_blog_to_title(topic)
  File "/home/yoon/ChatGPT/ChatGPT-blog/main.py", line 66, in generate_blog_to_title
    return generate_response(prompt, max_tokens=100, temperature=0.2)
  File "/home/yoon/ChatGPT/ChatGPT-blog/main.py", line 45, in generate_response
    completion = openai.ChatCompletion.create(
  File "/home/yoon/.local/lib/python3.10/site-packages/openai/api_resources/chat_completion.py", line 25, in create
    return super().create(*args, **kwargs)
  File "/home/yoon/.local/lib/python3.10/site-packages/openai/api_resources/abstract/engine_api_resource.py", line 153, in create
    response, _, api_key = requestor.request(
  File "/home/yoon/.local/lib/python3.10/site-packages/openai/api_requestor.py", line 226, in request
    resp, got_stream = self._interpret_response(result, stream)
  File "/home/yoon/.local/lib/python3.10/site-packages/openai/api_requestor.py", line 619, in _interpret_response
    self._interpret_response_line(
  File "/home/yoon/.local/lib/python3.10/site-packages/openai/api_requestor.py", line 682, in _interpret_response_line
    raise self.handle_error_response(
openai.error.AuthenticationError: <empty message>

During handling of the above exception, another exception occurred:

Traceback (most recent call last):
  File "/home/yoon/ChatGPT/ChatGPT-blog/main.py", line 126, in <module>
    print("title", title)
NameError: name 'title' is not defined. Did you mean: 'time'?
#####################################################################
2023-06-16 01:00:01.442169+09:00
카테고리는 spring 로 하겠습니다.
주제는 How to resolve &quot;could not execute statement; SQL [n/a]; nested exception is org.hibernate.exception.SQLGrammarException: could not execute statement&quot;? 로 하겠습니다.
제목 만들었습니다. Resolving the "Could Not Execute Statement; SQL [n/a]; Nested Exception is org.hibernate.exception.SQLGrammarException: Could Not Execute Statement" Error : 124
본문 1/2 만들었습니다. : 1240
본문 2/2 만들었습니다. : 1320
참고할만한 사이트를 만들었습니다. Resolving the "Could Not Execute Statement; SQL [n/a]; Nested Exception is org.hibernate.exception.SQLGrammarException: Could Not Execute Statement" Error : 508
파일을 생성하기 전 잠깐 기다립니다.
파일을 생성하겠습니다.
파일 생성 오류 발생 :  [Errno 2] No such file or directory: '/home/yoon/ChatGPT/ChatGPT-blog/_posts/2023-06-14-resolving-the-could-not-execute-statement;-sql-[n/a];-nested-exception-is-org.hibernate.exception.sqlgrammarexception:-could-not-execute-statement-error.md'
프로그램 종료.
#####################################################################
2023-06-16 07:00:02.098725+09:00
카테고리는 spring 로 하겠습니다.
주제는 LAZY Loading not working Spring Data 3.0.0 Hibernate - After Spring Boot Migration to 3.0 로 하겠습니다.
제목 만들었습니다. Resolving Lazy Loading Issues in Spring Data 3.0.0 Hibernate After Spring Boot Migration : 104
본문 1/2 만들었습니다. : 1241
본문 2/2 만들었습니다. : 1161
참고할만한 사이트를 만들었습니다. Resolving Lazy Loading Issues in Spring Data 3.0.0 Hibernate After Spring Boot Migration : 300
파일을 생성하기 전 잠깐 기다립니다.
파일을 생성하겠습니다.
모든 작업이 끝났습니다.
#####################################################################
#####################################################################
2023-06-17 09:00:01.689056+09:00
카테고리는 spring 로 하겠습니다.
주제는 404 error on Swagger UI with Spring (springdoc-openapi configuration) 로 하겠습니다.
제목 만들었습니다. Resolving 404 Error on Swagger UI with Spring: A Guide to Springdoc-Openapi Configuration : 96
본문 1/2 만들었습니다. : 1187
본문 2/2 만들었습니다. : 947
참고할만한 사이트를 만들었습니다. Resolving 404 Error on Swagger UI with Spring: A Guide to Springdoc-Openapi Configuration : 327
파일을 생성하기 전 잠깐 기다립니다.
파일을 생성하겠습니다.
모든 작업이 끝났습니다.
#####################################################################
#####################################################################
2023-06-17 11:00:01.798510+09:00
카테고리는 spring 로 하겠습니다.
주제는 Cannot resolve method &#39;antMatchers()&#39; in AuthorizationManagerRequestMatcherRegistry 로 하겠습니다.
제목 만들었습니다. Resolving 'antMatchers()' Method Error in AuthorizationManagerRequestMatcherRegistry : 93
본문 1/2 만들었습니다. : 1182
본문 2/2 만들었습니다. : 926
참고할만한 사이트를 만들었습니다. Resolving 'antMatchers()' Method Error in AuthorizationManagerRequestMatcherRegistry : 340
파일을 생성하기 전 잠깐 기다립니다.
파일을 생성하겠습니다.
모든 작업이 끝났습니다.
#####################################################################
#####################################################################
2023-06-19 07:00:01.783464+09:00
카테고리는 spring 로 하겠습니다.
주제는 LAZY Loading not working Spring Data 3.0.0 Hibernate - After Spring Boot Migration to 3.0 로 하겠습니다.
제목 만들었습니다. Resolving Lazy Loading Issues in Spring Data 3.0.0 Hibernate After Spring Boot Migration : 104
본문 1/2 만들었습니다. : 1164
본문 2/2 만들었습니다. : 1122
참고할만한 사이트를 만들었습니다. Resolving Lazy Loading Issues in Spring Data 3.0.0 Hibernate After Spring Boot Migration : 409
파일을 생성하기 전 잠깐 기다립니다.
파일을 생성하겠습니다.
모든 작업이 끝났습니다.
#####################################################################
