#####################################################################
2023-06-14 19:00:01.365979+09:00
카테고리는 nestjs 로 하겠습니다.
주제는 how to set multi type for one field (with type of array or object) of schema (Typescript , NestJs) 로 하겠습니다.
제목 만들었습니다. "Resolving Multi-Type Field Errors in Schema using TypeScript and NestJs" : 101
본문 1/2 만들었습니다. : 980
본문 2/2 만들었습니다. : 982
참고할만한 사이트를 만들었습니다. "Resolving Multi-Type Field Errors in Schema using TypeScript and NestJs" : 351
파일을 생성하기 전 잠깐 기다립니다.
파일을 생성하겠습니다.
모든 작업이 끝났습니다.
#####################################################################
#####################################################################
2023-06-14 20:00:02.136914+09:00
카테고리는 javascript 로 하겠습니다.
주제는 You&#39;re importing a component that needs useState. It only works in a Client Component, but none of its parents are marked with &quot;use client&quot; 로 하겠습니다.
제목 만들었습니다. "Resolving the 'useState' Error in Client Components: A Comprehensive Guide" : 112
본문 1/2 만들었습니다. : 1164
본문 2/2 만들었습니다. : 1227
참고할만한 사이트를 만들었습니다. "Resolving the 'useState' Error in Client Components: A Comprehensive Guide" : 377
파일을 생성하기 전 잠깐 기다립니다.
파일을 생성하겠습니다.
모든 작업이 끝났습니다.
#####################################################################
#####################################################################
2023-06-15 02:00:01.263140+09:00
카테고리는 nestjs 로 하겠습니다.
주제는 I cannot use Websocket package on NestJS 로 하겠습니다.
제목 만들었습니다. "Resolving Websocket Package Issues in NestJS" : 81
본문 1/2 만들었습니다. : 1187
본문 2/2 만들었습니다. : 1153
참고할만한 사이트를 만들었습니다. "Resolving Websocket Package Issues in NestJS" : 310
파일을 생성하기 전 잠깐 기다립니다.
파일을 생성하겠습니다.
모든 작업이 끝났습니다.
#####################################################################
#####################################################################
2023-06-15 08:00:02.014199+09:00
카테고리는 nodejs 로 하겠습니다.
주제는 &quot;The Fetch API is an experimental feature. This feature could change at any time&quot; while installing a Nuxt3 app 로 하겠습니다.
제목 만들었습니다. "Resolving the 'Fetch API is an Experimental Feature' Error During Nuxt3 Installation" : 107
본문 1/2 만들었습니다. : 1055
본문 2/2 만들었습니다. : 868
참고할만한 사이트를 만들었습니다. "Resolving the 'Fetch API is an Experimental Feature' Error During Nuxt3 Installation" : 295
파일을 생성하기 전 잠깐 기다립니다.
파일을 생성하겠습니다.
모든 작업이 끝났습니다.
#####################################################################
#####################################################################
2023-06-18 16:35:02.612079+09:00
카테고리는 react 로 하겠습니다.
주제는 Could not find a declaration file for module &#39;react-dom/client&#39; 로 하겠습니다.
제목 만들었습니다. "Resolving the 'Could not find a declaration file for module react-dom/client' Error in StackOverflow" : 100
본문 1/2 만들었습니다. : 1033
본문 2/2 만들었습니다. : 997
참고할만한 사이트를 만들었습니다. "Resolving the 'Could not find a declaration file for module react-dom/client' Error in StackOverflow" : 273
파일을 생성하기 전 잠깐 기다립니다.
파일을 생성하겠습니다.
파일 생성 오류 발생 :  [Errno 2] No such file or directory: "/home/yoon/ChatGPT/ChatGPT-blog/_posts/2023-06-17-resolving-the-'could-not-find-a-declaration-file-for-module-react-dom/client'-error-in-stackoverflow.md"
프로그램 종료.
#####################################################################
2023-06-18 19:00:01.835594+09:00
카테고리는 typescript 로 하겠습니다.
주제는 How to fix &quot;Flag &#39;importsNotUsedAsValues&#39; is deprecated and will stop functioning in TypeScript 5.5.&quot;? 로 하겠습니다.
제목 만들었습니다. "Resolving the 'Flag 'importsNotUsedAsValues' is Deprecated' Error in TypeScript 5.5" : 119
본문 1/2 만들었습니다. : 990
본문 2/2 만들었습니다. : 1057
참고할만한 사이트를 만들었습니다. "Resolving the 'Flag 'importsNotUsedAsValues' is Deprecated' Error in TypeScript 5.5" : 322
파일을 생성하기 전 잠깐 기다립니다.
파일을 생성하겠습니다.
모든 작업이 끝났습니다.
#####################################################################
#####################################################################
2023-06-19 01:00:01.825261+09:00
카테고리는 reactjs 로 하겠습니다.
주제는 How to get query params using Server component (next 13) 로 하겠습니다.
제목 만들었습니다. "Resolving Query Params Issues with Server Component in Next.js 13" : 89
본문 1/2 만들었습니다. : 1032
본문 2/2 만들었습니다. : 993
참고할만한 사이트를 만들었습니다. "Resolving Query Params Issues with Server Component in Next.js 13" : 311
파일을 생성하기 전 잠깐 기다립니다.
파일을 생성하겠습니다.
모든 작업이 끝났습니다.
#####################################################################
#####################################################################
2023-06-19 09:00:01.775293+09:00
카테고리는 css 로 하겠습니다.
StackAPI 오류발생 :  list index out of range
프로그램 종료.
#####################################################################
2023-06-19 11:00:02.309781+09:00
카테고리는 reactjs 로 하겠습니다.
주제는 Warning: React version not specified in &#39;eslint-plugin-react settings&#39; while running eslint on top of React 18.2.0 로 하겠습니다.
제목 만들었습니다. "Resolving the 'React Version Not Specified' Error in eslint-plugin-react Settings on React 18.2.0" : 117
본문 1/2 만들었습니다. : 961
본문 2/2 만들었습니다. : 1300
참고할만한 사이트를 만들었습니다. "Resolving the 'React Version Not Specified' Error in eslint-plugin-react Settings on React 18.2.0" : 277
파일을 생성하기 전 잠깐 기다립니다.
파일을 생성하겠습니다.
모든 작업이 끝났습니다.
#####################################################################
#####################################################################
2023-06-20 15:00:02.155348+09:00
카테고리는 typescript 로 하겠습니다.
주제는 Sveltekit and shared state - can someone give a concrete example of when to use event.locals vs. $page.data? 로 하겠습니다.
Traceback (most recent call last):
  File "/home/yoon/ChatGPT/ChatGPT-blog/main.py", line 120, in <module>
    title_response = generate_blog_to_title(topic)
  File "/home/yoon/ChatGPT/ChatGPT-blog/main.py", line 66, in generate_blog_to_title
    return generate_response(prompt, max_tokens=100, temperature=0.2)
  File "/home/yoon/ChatGPT/ChatGPT-blog/main.py", line 45, in generate_response
    completion = openai.ChatCompletion.create(
  File "/home/yoon/.local/lib/python3.10/site-packages/openai/api_resources/chat_completion.py", line 25, in create
    return super().create(*args, **kwargs)
  File "/home/yoon/.local/lib/python3.10/site-packages/openai/api_resources/abstract/engine_api_resource.py", line 153, in create
    response, _, api_key = requestor.request(
  File "/home/yoon/.local/lib/python3.10/site-packages/openai/api_requestor.py", line 226, in request
    resp, got_stream = self._interpret_response(result, stream)
  File "/home/yoon/.local/lib/python3.10/site-packages/openai/api_requestor.py", line 619, in _interpret_response
    self._interpret_response_line(
  File "/home/yoon/.local/lib/python3.10/site-packages/openai/api_requestor.py", line 682, in _interpret_response_line
    raise self.handle_error_response(
openai.error.APIError: The server had an error while processing your request. Sorry about that! {
  "error": {
    "message": "The server had an error while processing your request. Sorry about that!",
    "type": "server_error",
    "param": null,
    "code": null
  }
}
 500 {'error': {'message': 'The server had an error while processing your request. Sorry about that!', 'type': 'server_error', 'param': None, 'code': None}} {'Date': 'Tue, 20 Jun 2023 06:00:10 GMT', 'Content-Type': 'application/json', 'Content-Length': '176', 'Connection': 'keep-alive', 'access-control-allow-origin': '*', 'openai-model': 'gpt-4-0613', 'openai-organization': 'user-cfljr7asc24pxittu0n11pgh', 'openai-processing-ms': '44', 'openai-version': '2020-10-01', 'strict-transport-security': 'max-age=15724800; includeSubDomains', 'x-ratelimit-limit-requests': '3000', 'x-ratelimit-limit-tokens': '250000', 'x-ratelimit-remaining-requests': '2999', 'x-ratelimit-remaining-tokens': '249820', 'x-ratelimit-reset-requests': '20ms', 'x-ratelimit-reset-tokens': '43ms', 'x-request-id': '4347188e58bec34d6adf80da79c3a85b', 'CF-Cache-Status': 'DYNAMIC', 'Server': 'cloudflare', 'CF-RAY': '7da1ca379f32c0fb-ICN', 'alt-svc': 'h3=":443"; ma=86400'}

During handling of the above exception, another exception occurred:

Traceback (most recent call last):
  File "/home/yoon/ChatGPT/ChatGPT-blog/main.py", line 126, in <module>
    print("title", title)
NameError: name 'title' is not defined. Did you mean: 'time'?
#####################################################################
2023-06-20 21:00:01.565573+09:00
카테고리는 nestjs 로 하겠습니다.
주제는 webpack not bundling packages in monorepo (turborepo) then throws &quot;unexpected token &#39;export&#39;&quot; 로 하겠습니다.
제목 만들었습니다. "Solving the 'Unexpected Token Export' Error in Webpack Bundling within a Monorepo (Turborepo) Environment" : 119
본문 1/2 만들었습니다. : 1155
본문 2/2 만들었습니다. : 1096
참고할만한 사이트를 만들었습니다. "Solving the 'Unexpected Token Export' Error in Webpack Bundling within a Monorepo (Turborepo) Environment" : 275
파일을 생성하기 전 잠깐 기다립니다.
파일을 생성하겠습니다.
모든 작업이 끝났습니다.
#####################################################################
